Analysis & Synthesis report for lab1_spart
Tue Feb 18 17:09:40 2025
Quartus Prime Version 23.1std.0 Build 991 11/28/2023 SC Lite Edition


---------------------
; Table of Contents ;
---------------------
  1. Legal Notice
  2. Analysis & Synthesis Summary
  3. Analysis & Synthesis Settings
  4. Parallel Compilation
  5. Analysis & Synthesis Source Files Read
  6. Analysis & Synthesis Resource Usage Summary
  7. Analysis & Synthesis Resource Utilization by Entity
  8. State Machine - |lab1_spart|driver:driver0|state
  9. Registers Removed During Synthesis
 10. Removed Registers Triggering Further Register Optimizations
 11. General Register Statistics
 12. Inverted Register Statistics
 13. Multiplexer Restructuring Statistics (Restructuring Performed)
 14. Port Connectivity Checks: "spart:spart0|UART:uart_bottom"
 15. Port Connectivity Checks: "spart:spart0"
 16. Post-Synthesis Netlist Statistics for Top Partition
 17. Elapsed Time Per Partition
 18. Analysis & Synthesis Messages



----------------
; Legal Notice ;
----------------
Copyright (C) 2023  Intel Corporation. All rights reserved.
Your use of Intel Corporation's design tools, logic functions 
and other software and tools, and any partner logic 
functions, and any output files from any of the foregoing 
(including device programming or simulation files), and any 
associated documentation or information are expressly subject 
to the terms and conditions of the Intel Program License 
Subscription Agreement, the Intel Quartus Prime License Agreement,
the Intel FPGA IP License Agreement, or other applicable license
agreement, including, without limitation, that your use is for
the sole purpose of programming logic devices manufactured by
Intel and sold by Intel or its authorized distributors.  Please
refer to the applicable agreement for further details, at
https://fpgasoftware.intel.com/eula.



+----------------------------------------------------------------------------------+
; Analysis & Synthesis Summary                                                     ;
+---------------------------------+------------------------------------------------+
; Analysis & Synthesis Status     ; Successful - Tue Feb 18 17:09:40 2025          ;
; Quartus Prime Version           ; 23.1std.0 Build 991 11/28/2023 SC Lite Edition ;
; Revision Name                   ; lab1_spart                                     ;
; Top-level Entity Name           ; lab1_spart                                     ;
; Family                          ; Cyclone V                                      ;
; Logic utilization (in ALMs)     ; N/A                                            ;
; Total registers                 ; 23                                             ;
; Total pins                      ; 106                                            ;
; Total virtual pins              ; 0                                              ;
; Total block memory bits         ; 0                                              ;
; Total DSP Blocks                ; 0                                              ;
; Total HSSI RX PCSs              ; 0                                              ;
; Total HSSI PMA RX Deserializers ; 0                                              ;
; Total HSSI TX PCSs              ; 0                                              ;
; Total HSSI PMA TX Serializers   ; 0                                              ;
; Total PLLs                      ; 0                                              ;
; Total DLLs                      ; 0                                              ;
+---------------------------------+------------------------------------------------+


+---------------------------------------------------------------------------------------------------------------------------+
; Analysis & Synthesis Settings                                                                                             ;
+---------------------------------------------------------------------------------+--------------------+--------------------+
; Option                                                                          ; Setting            ; Default Value      ;
+---------------------------------------------------------------------------------+--------------------+--------------------+
; Device                                                                          ; 5CSEMA5F31C6       ;                    ;
; Top-level entity name                                                           ; lab1_spart         ; lab1_spart         ;
; Family name                                                                     ; Cyclone V          ; Cyclone V          ;
; Use smart compilation                                                           ; Off                ; Off                ;
; Enable parallel Assembler and Timing Analyzer during compilation                ; On                 ; On                 ;
; Enable compact report table                                                     ; Off                ; Off                ;
; Restructure Multiplexers                                                        ; Auto               ; Auto               ;
; MLAB Add Timing Constraints For Mixed-Port Feed-Through Mode Setting Don't Care ; Off                ; Off                ;
; Create Debugging Nodes for IP Cores                                             ; Off                ; Off                ;
; Preserve fewer node names                                                       ; On                 ; On                 ;
; Intel FPGA IP Evaluation Mode                                                   ; Enable             ; Enable             ;
; Verilog Version                                                                 ; Verilog_2001       ; Verilog_2001       ;
; VHDL Version                                                                    ; VHDL_1993          ; VHDL_1993          ;
; State Machine Processing                                                        ; Auto               ; Auto               ;
; Safe State Machine                                                              ; Off                ; Off                ;
; Extract Verilog State Machines                                                  ; On                 ; On                 ;
; Extract VHDL State Machines                                                     ; On                 ; On                 ;
; Ignore Verilog initial constructs                                               ; Off                ; Off                ;
; Iteration limit for constant Verilog loops                                      ; 5000               ; 5000               ;
; Iteration limit for non-constant Verilog loops                                  ; 250                ; 250                ;
; Add Pass-Through Logic to Inferred RAMs                                         ; On                 ; On                 ;
; Infer RAMs from Raw Logic                                                       ; On                 ; On                 ;
; Parallel Synthesis                                                              ; On                 ; On                 ;
; DSP Block Balancing                                                             ; Auto               ; Auto               ;
; NOT Gate Push-Back                                                              ; On                 ; On                 ;
; Power-Up Don't Care                                                             ; On                 ; On                 ;
; Remove Redundant Logic Cells                                                    ; Off                ; Off                ;
; Remove Duplicate Registers                                                      ; On                 ; On                 ;
; Ignore CARRY Buffers                                                            ; Off                ; Off                ;
; Ignore CASCADE Buffers                                                          ; Off                ; Off                ;
; Ignore GLOBAL Buffers                                                           ; Off                ; Off                ;
; Ignore ROW GLOBAL Buffers                                                       ; Off                ; Off                ;
; Ignore LCELL Buffers                                                            ; Off                ; Off                ;
; Ignore SOFT Buffers                                                             ; On                 ; On                 ;
; Limit AHDL Integers to 32 Bits                                                  ; Off                ; Off                ;
; Optimization Technique                                                          ; Balanced           ; Balanced           ;
; Carry Chain Length                                                              ; 70                 ; 70                 ;
; Auto Carry Chains                                                               ; On                 ; On                 ;
; Auto Open-Drain Pins                                                            ; On                 ; On                 ;
; Perform WYSIWYG Primitive Resynthesis                                           ; Off                ; Off                ;
; Auto ROM Replacement                                                            ; On                 ; On                 ;
; Auto RAM Replacement                                                            ; On                 ; On                 ;
; Auto DSP Block Replacement                                                      ; On                 ; On                 ;
; Auto Shift Register Replacement                                                 ; Auto               ; Auto               ;
; Allow Shift Register Merging across Hierarchies                                 ; Auto               ; Auto               ;
; Auto Clock Enable Replacement                                                   ; On                 ; On                 ;
; Strict RAM Replacement                                                          ; Off                ; Off                ;
; Allow Synchronous Control Signals                                               ; On                 ; On                 ;
; Force Use of Synchronous Clear Signals                                          ; Off                ; Off                ;
; Auto Resource Sharing                                                           ; Off                ; Off                ;
; Allow Any RAM Size For Recognition                                              ; Off                ; Off                ;
; Allow Any ROM Size For Recognition                                              ; Off                ; Off                ;
; Allow Any Shift Register Size For Recognition                                   ; Off                ; Off                ;
; Use LogicLock Constraints during Resource Balancing                             ; On                 ; On                 ;
; Ignore translate_off and synthesis_off directives                               ; Off                ; Off                ;
; Timing-Driven Synthesis                                                         ; On                 ; On                 ;
; Report Parameter Settings                                                       ; On                 ; On                 ;
; Report Source Assignments                                                       ; On                 ; On                 ;
; Report Connectivity Checks                                                      ; On                 ; On                 ;
; Ignore Maximum Fan-Out Assignments                                              ; Off                ; Off                ;
; Synchronization Register Chain Length                                           ; 3                  ; 3                  ;
; Power Optimization During Synthesis                                             ; Normal compilation ; Normal compilation ;
; HDL message level                                                               ; Level2             ; Level2             ;
; Suppress Register Optimization Related Messages                                 ; Off                ; Off                ;
; Number of Removed Registers Reported in Synthesis Report                        ; 5000               ; 5000               ;
; Number of Swept Nodes Reported in Synthesis Report                              ; 5000               ; 5000               ;
; Number of Inverted Registers Reported in Synthesis Report                       ; 100                ; 100                ;
; Clock MUX Protection                                                            ; On                 ; On                 ;
; Auto Gated Clock Conversion                                                     ; Off                ; Off                ;
; Block Design Naming                                                             ; Auto               ; Auto               ;
; SDC constraint protection                                                       ; Off                ; Off                ;
; Synthesis Effort                                                                ; Auto               ; Auto               ;
; Shift Register Replacement - Allow Asynchronous Clear Signal                    ; On                 ; On                 ;
; Pre-Mapping Resynthesis Optimization                                            ; Off                ; Off                ;
; Analysis & Synthesis Message Level                                              ; Medium             ; Medium             ;
; Disable Register Merging Across Hierarchies                                     ; Auto               ; Auto               ;
; Resource Aware Inference For Block RAM                                          ; On                 ; On                 ;
; Automatic Parallel Synthesis                                                    ; On                 ; On                 ;
; Partial Reconfiguration Bitstream ID                                            ; Off                ; Off                ;
+---------------------------------------------------------------------------------+--------------------+--------------------+


+------------------------------------------+
; Parallel Compilation                     ;
+----------------------------+-------------+
; Processors                 ; Number      ;
+----------------------------+-------------+
; Number detected on machine ; 20          ;
; Maximum allowed            ; 14          ;
;                            ;             ;
; Average used               ; 1.00        ;
; Maximum used               ; 14          ;
;                            ;             ;
; Usage by Processor         ; % Time Used ;
;     Processor 1            ; 100.0%      ;
;     Processors 2-14        ;   0.0%      ;
+----------------------------+-------------+


+-------------------------------------------------------------------------------------------------------------------------------------------------------+
; Analysis & Synthesis Source Files Read                                                                                                                ;
+----------------------------------+-----------------+------------------------------+---------------------------------------------------------+---------+
; File Name with User-Entered Path ; Used in Netlist ; File Type                    ; File Name with Absolute Path                            ; Library ;
+----------------------------------+-----------------+------------------------------+---------------------------------------------------------+---------+
; driver.sv                        ; yes             ; User SystemVerilog HDL File  ; I:/ECE554/Minilab3/Lab1-SPART/Lab1-SPART/driver.sv      ;         ;
; UART_tx (1).sv                   ; yes             ; User SystemVerilog HDL File  ; I:/ECE554/Minilab3/Lab1-SPART/Lab1-SPART/UART_tx (1).sv ;         ;
; UART_rx (1).sv                   ; yes             ; User SystemVerilog HDL File  ; I:/ECE554/Minilab3/Lab1-SPART/Lab1-SPART/UART_rx (1).sv ;         ;
; UART (1).sv                      ; yes             ; User SystemVerilog HDL File  ; I:/ECE554/Minilab3/Lab1-SPART/Lab1-SPART/UART (1).sv    ;         ;
; spart.sv                         ; yes             ; User SystemVerilog HDL File  ; I:/ECE554/Minilab3/Lab1-SPART/Lab1-SPART/spart.sv       ;         ;
; lab1_spart.v                     ; yes             ; User Verilog HDL File        ; I:/ECE554/Minilab3/Lab1-SPART/Lab1-SPART/lab1_spart.v   ;         ;
+----------------------------------+-----------------+------------------------------+---------------------------------------------------------+---------+


+--------------------------------------------------------------+
; Analysis & Synthesis Resource Usage Summary                  ;
+---------------------------------------------+----------------+
; Resource                                    ; Usage          ;
+---------------------------------------------+----------------+
; Estimate of Logic utilization (ALMs needed) ; 23             ;
;                                             ;                ;
; Combinational ALUT usage for logic          ; 41             ;
;     -- 7 input functions                    ; 1              ;
;     -- 6 input functions                    ; 3              ;
;     -- 5 input functions                    ; 6              ;
;     -- 4 input functions                    ; 10             ;
;     -- <=3 input functions                  ; 21             ;
;                                             ;                ;
; Dedicated logic registers                   ; 23             ;
;                                             ;                ;
; I/O pins                                    ; 106            ;
;                                             ;                ;
; Total DSP Blocks                            ; 0              ;
;                                             ;                ;
; Maximum fan-out node                        ; CLOCK_50~input ;
; Maximum fan-out                             ; 23             ;
; Total fan-out                               ; 372            ;
; Average fan-out                             ; 1.19           ;
+---------------------------------------------+----------------+


+--------------------------------------------------------------------------------------------------------------------------------------------------------------------------------------------------------------------------+
; Analysis & Synthesis Resource Utilization by Entity                                                                                                                                                                      ;
+----------------------------+---------------------+---------------------------+-------------------+------------+------+--------------+-------------------------------------------------------+-------------+--------------+
; Compilation Hierarchy Node ; Combinational ALUTs ; Dedicated Logic Registers ; Block Memory Bits ; DSP Blocks ; Pins ; Virtual Pins ; Full Hierarchy Name                                   ; Entity Name ; Library Name ;
+----------------------------+---------------------+---------------------------+-------------------+------------+------+--------------+-------------------------------------------------------+-------------+--------------+
; |lab1_spart                ; 41 (4)              ; 23 (0)                    ; 0                 ; 0          ; 106  ; 0            ; |lab1_spart                                           ; lab1_spart  ; work         ;
;    |driver:driver0|        ; 0 (0)               ; 1 (1)                     ; 0                 ; 0          ; 0    ; 0            ; |lab1_spart|driver:driver0                            ; driver      ; work         ;
;    |spart:spart0|          ; 37 (0)              ; 22 (0)                    ; 0                 ; 0          ; 0    ; 0            ; |lab1_spart|spart:spart0                              ; spart       ; work         ;
;       |UART:uart_bottom|   ; 37 (0)              ; 22 (0)                    ; 0                 ; 0          ; 0    ; 0            ; |lab1_spart|spart:spart0|UART:uart_bottom             ; UART        ; work         ;
;          |UART_rx:iRX|     ; 35 (35)             ; 20 (20)                   ; 0                 ; 0          ; 0    ; 0            ; |lab1_spart|spart:spart0|UART:uart_bottom|UART_rx:iRX ; UART_rx     ; work         ;
;          |UART_tx:iTX|     ; 2 (2)               ; 2 (2)                     ; 0                 ; 0          ; 0    ; 0            ; |lab1_spart|spart:spart0|UART:uart_bottom|UART_tx:iTX ; UART_tx     ; work         ;
+----------------------------+---------------------+---------------------------+-------------------+------------+------+--------------+-------------------------------------------------------+-------------+--------------+
Note: For table entries with two numbers listed, the numbers in parentheses indicate the number of resources of the given type used by the specific entity alone. The numbers listed outside of parentheses indicate the total resources of the given type used by the specific entity and all of its sub-entities in the hierarchy.


Encoding Type:  One-Hot
+-----------------------------------------------------+
; State Machine - |lab1_spart|driver:driver0|state    ;
+-------------+------------+------------+-------------+
; Name        ; state.IDLE ; state.DONE ; state.TRANS ;
+-------------+------------+------------+-------------+
; state.IDLE  ; 0          ; 0          ; 0           ;
; state.TRANS ; 1          ; 0          ; 1           ;
; state.DONE  ; 1          ; 1          ; 0           ;
+-------------+------------+------------+-------------+


+------------------------------------------------------------------------------------------------------+
; Registers Removed During Synthesis                                                                   ;
+-------------------------------------------------------------+----------------------------------------+
; Register name                                               ; Reason for Removal                     ;
+-------------------------------------------------------------+----------------------------------------+
; spart:spart0|tx_data[0..7]                                  ; Lost fanout                            ;
; spart:spart0|UART:uart_bottom|UART_rx:iRX|rx_shft_reg[0..8] ; Lost fanout                            ;
; spart:spart0|UART:uart_bottom|UART_tx:iTX|tx_shft_reg[1..8] ; Lost fanout                            ;
; spart:spart0|UART:uart_bottom|UART_tx:iTX|baud_cnt[0..11]   ; Lost fanout                            ;
; spart:spart0|UART:uart_bottom|UART_tx:iTX|bit_cnt[0..2]     ; Stuck at GND due to stuck port data_in ;
; spart:spart0|UART:uart_bottom|UART_tx:iTX|bit_cnt[3]        ; Lost fanout                            ;
; driver:driver0|state.IDLE                                   ; Lost fanout                            ;
; driver:driver0|state.DONE                                   ; Lost fanout                            ;
; Total Number of Removed Registers = 43                      ;                                        ;
+-------------------------------------------------------------+----------------------------------------+


+--------------------------------------------------------------------------------------------------------------------------------------------------+
; Removed Registers Triggering Further Register Optimizations                                                                                      ;
+----------------------------------------------------------+---------------------------+-----------------------------------------------------------+
; Register name                                            ; Reason for Removal        ; Registers Removed due to This Register                    ;
+----------------------------------------------------------+---------------------------+-----------------------------------------------------------+
; spart:spart0|UART:uart_bottom|UART_rx:iRX|rx_shft_reg[0] ; Lost Fanouts              ; spart:spart0|UART:uart_bottom|UART_rx:iRX|rx_shft_reg[1], ;
;                                                          ;                           ; spart:spart0|UART:uart_bottom|UART_rx:iRX|rx_shft_reg[2], ;
;                                                          ;                           ; spart:spart0|UART:uart_bottom|UART_rx:iRX|rx_shft_reg[3], ;
;                                                          ;                           ; spart:spart0|UART:uart_bottom|UART_rx:iRX|rx_shft_reg[4], ;
;                                                          ;                           ; spart:spart0|UART:uart_bottom|UART_rx:iRX|rx_shft_reg[5], ;
;                                                          ;                           ; spart:spart0|UART:uart_bottom|UART_rx:iRX|rx_shft_reg[6], ;
;                                                          ;                           ; spart:spart0|UART:uart_bottom|UART_rx:iRX|rx_shft_reg[7], ;
;                                                          ;                           ; spart:spart0|UART:uart_bottom|UART_rx:iRX|rx_shft_reg[8]  ;
; spart:spart0|UART:uart_bottom|UART_tx:iTX|bit_cnt[2]     ; Stuck at GND              ; spart:spart0|UART:uart_bottom|UART_tx:iTX|bit_cnt[3]      ;
;                                                          ; due to stuck port data_in ;                                                           ;
+----------------------------------------------------------+---------------------------+-----------------------------------------------------------+


+------------------------------------------------------+
; General Register Statistics                          ;
+----------------------------------------------+-------+
; Statistic                                    ; Value ;
+----------------------------------------------+-------+
; Total registers                              ; 23    ;
; Number of registers using Synchronous Clear  ; 8     ;
; Number of registers using Synchronous Load   ; 0     ;
; Number of registers using Asynchronous Clear ; 7     ;
; Number of registers using Asynchronous Load  ; 0     ;
; Number of registers using Clock Enable       ; 15    ;
; Number of registers using Preset             ; 0     ;
+----------------------------------------------+-------+


+--------------------------------------------------------------------+
; Inverted Register Statistics                                       ;
+----------------------------------------------------------+---------+
; Inverted Register                                        ; Fan out ;
+----------------------------------------------------------+---------+
; spart:spart0|UART:uart_bottom|UART_tx:iTX|tx_shft_reg[0] ; 3       ;
; spart:spart0|UART:uart_bottom|UART_rx:iRX|RX_sync        ; 9       ;
; spart:spart0|UART:uart_bottom|UART_rx:iRX|RX_FF1         ; 1       ;
; Total number of inverted registers = 3                   ;         ;
+----------------------------------------------------------+---------+


+---------------------------------------------------------------------------------------------------------------------------------------------------------------------------------+
; Multiplexer Restructuring Statistics (Restructuring Performed)                                                                                                                  ;
+--------------------+-----------+---------------+----------------------+------------------------+------------+-------------------------------------------------------------------+
; Multiplexer Inputs ; Bus Width ; Baseline Area ; Area if Restructured ; Saving if Restructured ; Registered ; Example Multiplexer Output                                        ;
+--------------------+-----------+---------------+----------------------+------------------------+------------+-------------------------------------------------------------------+
; 3:1                ; 4 bits    ; 8 LEs         ; 4 LEs                ; 4 LEs                  ; Yes        ; |lab1_spart|spart:spart0|UART:uart_bottom|UART_rx:iRX|bit_cnt[3]  ;
; 4:1                ; 4 bits    ; 8 LEs         ; 8 LEs                ; 0 LEs                  ; Yes        ; |lab1_spart|spart:spart0|UART:uart_bottom|UART_rx:iRX|baud_cnt[3] ;
; 4:1                ; 8 bits    ; 16 LEs        ; 8 LEs                ; 8 LEs                  ; Yes        ; |lab1_spart|spart:spart0|UART:uart_bottom|UART_rx:iRX|baud_cnt[0] ;
+--------------------+-----------+---------------+----------------------+------------------------+------------+-------------------------------------------------------------------+


+------------------------------------------------------------------------------------------------------------------------+
; Port Connectivity Checks: "spart:spart0|UART:uart_bottom"                                                              ;
+--------------+--------+----------+-------------------------------------------------------------------------------------+
; Port         ; Type   ; Severity ; Details                                                                             ;
+--------------+--------+----------+-------------------------------------------------------------------------------------+
; tx_done      ; Output ; Info     ; Connected to dangling logic. Logic that only feeds a dangling port will be removed. ;
; baud_goal[0] ; Input  ; Info     ; Stuck at GND                                                                        ;
+--------------+--------+----------+-------------------------------------------------------------------------------------+


+--------------------------------------------------------------------------------------------------------------------------------------------------------------------------+
; Port Connectivity Checks: "spart:spart0"                                                                                                                                 ;
+--------+-------+----------+----------------------------------------------------------------------------------------------------------------------------------------------+
; Port   ; Type  ; Severity ; Details                                                                                                                                      ;
+--------+-------+----------+----------------------------------------------------------------------------------------------------------------------------------------------+
; br_cfg ; Input ; Warning  ; Declared by entity but not connected by instance. If a default value exists, it will be used.  Otherwise, the port will be connected to GND. ;
+--------+-------+----------+----------------------------------------------------------------------------------------------------------------------------------------------+


+-----------------------------------------------------+
; Post-Synthesis Netlist Statistics for Top Partition ;
+-----------------------+-----------------------------+
; Type                  ; Count                       ;
+-----------------------+-----------------------------+
; arriav_ff             ; 23                          ;
;     CLR               ; 7                           ;
;     ENA               ; 7                           ;
;     ENA SCLR          ; 8                           ;
;     plain             ; 1                           ;
; arriav_io_obuf        ; 36                          ;
; arriav_lcell_comb     ; 48                          ;
;     arith             ; 12                          ;
;         1 data inputs ; 12                          ;
;     extend            ; 1                           ;
;         7 data inputs ; 1                           ;
;     normal            ; 35                          ;
;         0 data inputs ; 2                           ;
;         1 data inputs ; 6                           ;
;         2 data inputs ; 6                           ;
;         3 data inputs ; 2                           ;
;         4 data inputs ; 10                          ;
;         5 data inputs ; 6                           ;
;         6 data inputs ; 3                           ;
; boundary_port         ; 106                         ;
;                       ;                             ;
; Max LUT depth         ; 3.00                        ;
; Average LUT depth     ; 1.38                        ;
+-----------------------+-----------------------------+


+-------------------------------+
; Elapsed Time Per Partition    ;
+----------------+--------------+
; Partition Name ; Elapsed Time ;
+----------------+--------------+
; Top            ; 00:00:00     ;
+----------------+--------------+


+-------------------------------+
; Analysis & Synthesis Messages ;
+-------------------------------+
Info: *******************************************************************
Info: Running Quartus Prime Analysis & Synthesis
    Info: Version 23.1std.0 Build 991 11/28/2023 SC Lite Edition
    Info: Processing started: Tue Feb 18 17:09:27 2025
Info: Command: quartus_map --read_settings_files=on --write_settings_files=off lab1_spart -c lab1_spart
Warning (18236): Number of processors has not been specified which may cause overloading on shared machines.  Set the global assignment NUM_PARALLEL_PROCESSORS in your QSF to an appropriate value for best performance.
Info (20030): Parallel compilation is enabled and will use 14 of the 14 processors detected
Info (12021): Found 1 design units, including 1 entities, in source file driver.sv
    Info (12023): Found entity 1: driver File: I:/ECE554/Minilab3/Lab1-SPART/Lab1-SPART/driver.sv Line: 147
Info (12021): Found 1 design units, including 1 entities, in source file uart_tx (1).sv
    Info (12023): Found entity 1: UART_tx File: I:/ECE554/Minilab3/Lab1-SPART/Lab1-SPART/UART_tx (1).sv Line: 1
Info (12021): Found 1 design units, including 1 entities, in source file uart_rx (1).sv
    Info (12023): Found entity 1: UART_rx File: I:/ECE554/Minilab3/Lab1-SPART/Lab1-SPART/UART_rx (1).sv Line: 1
Info (12021): Found 1 design units, including 1 entities, in source file uart (1).sv
    Info (12023): Found entity 1: UART File: I:/ECE554/Minilab3/Lab1-SPART/Lab1-SPART/UART (1).sv Line: 1
Info (12021): Found 1 design units, including 1 entities, in source file bus_interface.sv
    Info (12023): Found entity 1: bus_interface File: I:/ECE554/Minilab3/Lab1-SPART/Lab1-SPART/bus_interface.sv Line: 1
Info (12021): Found 1 design units, including 1 entities, in source file tx_rx_tb.sv
    Info (12023): Found entity 1: transmit_receive_unit_tb File: I:/ECE554/Minilab3/Lab1-SPART/Lab1-SPART/tx_rx_tb.sv Line: 1
Info (12021): Found 1 design units, including 1 entities, in source file tb1_lab1_spart.sv
    Info (12023): Found entity 1: tb_lab1_spart File: I:/ECE554/Minilab3/Lab1-SPART/Lab1-SPART/tb1_lab1_spart.sv Line: 2
Info (12021): Found 1 design units, including 1 entities, in source file spart_transmitter.sv
    Info (12023): Found entity 1: spart_transmitter File: I:/ECE554/Minilab3/Lab1-SPART/Lab1-SPART/spart_transmitter.sv Line: 1
Info (12021): Found 1 design units, including 1 entities, in source file spart_receiver.sv
    Info (12023): Found entity 1: spart_receiver File: I:/ECE554/Minilab3/Lab1-SPART/Lab1-SPART/spart_receiver.sv Line: 1
Info (12021): Found 1 design units, including 1 entities, in source file spart.sv
    Info (12023): Found entity 1: spart File: I:/ECE554/Minilab3/Lab1-SPART/Lab1-SPART/spart.sv Line: 63
Info (12021): Found 1 design units, including 1 entities, in source file lab1_spart.v
    Info (12023): Found entity 1: lab1_spart File: I:/ECE554/Minilab3/Lab1-SPART/Lab1-SPART/lab1_spart.v Line: 6
Warning (12019): Can't analyze file -- file driver.v is missing
Info (12021): Found 1 design units, including 1 entities, in source file baud_generator.sv
    Info (12023): Found entity 1: baud_rate_generator File: I:/ECE554/Minilab3/Lab1-SPART/Lab1-SPART/baud_generator.sv Line: 1
Info (12127): Elaborating entity "lab1_spart" for the top level hierarchy
Info (12128): Elaborating entity "spart" for hierarchy "spart:spart0" File: I:/ECE554/Minilab3/Lab1-SPART/Lab1-SPART/lab1_spart.v Line: 71
Info (12128): Elaborating entity "UART" for hierarchy "spart:spart0|UART:uart_bottom" File: I:/ECE554/Minilab3/Lab1-SPART/Lab1-SPART/spart.sv Line: 108
Info (12128): Elaborating entity "UART_tx" for hierarchy "spart:spart0|UART:uart_bottom|UART_tx:iTX" File: I:/ECE554/Minilab3/Lab1-SPART/Lab1-SPART/UART (1).sv Line: 16
Warning (10230): Verilog HDL assignment warning at UART_tx (1).sv(38): truncated value with size 32 to match size of target (12) File: I:/ECE554/Minilab3/Lab1-SPART/Lab1-SPART/UART_tx (1).sv Line: 38
Warning (10230): Verilog HDL assignment warning at UART_tx (1).sv(47): truncated value with size 32 to match size of target (4) File: I:/ECE554/Minilab3/Lab1-SPART/Lab1-SPART/UART_tx (1).sv Line: 47
Info (12128): Elaborating entity "UART_rx" for hierarchy "spart:spart0|UART:uart_bottom|UART_rx:iRX" File: I:/ECE554/Minilab3/Lab1-SPART/Lab1-SPART/UART (1).sv Line: 23
Warning (10230): Verilog HDL assignment warning at UART_rx (1).sv(45): truncated value with size 14 to match size of target (12) File: I:/ECE554/Minilab3/Lab1-SPART/Lab1-SPART/UART_rx (1).sv Line: 45
Warning (10230): Verilog HDL assignment warning at UART_rx (1).sv(47): truncated value with size 14 to match size of target (12) File: I:/ECE554/Minilab3/Lab1-SPART/Lab1-SPART/UART_rx (1).sv Line: 47
Warning (10230): Verilog HDL assignment warning at UART_rx (1).sv(49): truncated value with size 32 to match size of target (12) File: I:/ECE554/Minilab3/Lab1-SPART/Lab1-SPART/UART_rx (1).sv Line: 49
Warning (10230): Verilog HDL assignment warning at UART_rx (1).sv(58): truncated value with size 32 to match size of target (4) File: I:/ECE554/Minilab3/Lab1-SPART/Lab1-SPART/UART_rx (1).sv Line: 58
Info (12128): Elaborating entity "driver" for hierarchy "driver:driver0" File: I:/ECE554/Minilab3/Lab1-SPART/Lab1-SPART/lab1_spart.v Line: 83
Warning (10036): Verilog HDL or VHDL warning at driver.sv(159): object "start" assigned a value but never read File: I:/ECE554/Minilab3/Lab1-SPART/Lab1-SPART/driver.sv Line: 159
Warning (10036): Verilog HDL or VHDL warning at driver.sv(162): object "databus_driver" assigned a value but never read File: I:/ECE554/Minilab3/Lab1-SPART/Lab1-SPART/driver.sv Line: 162
Warning (10036): Verilog HDL or VHDL warning at driver.sv(168): object "clr_rx_rdy" assigned a value but never read File: I:/ECE554/Minilab3/Lab1-SPART/Lab1-SPART/driver.sv Line: 168
Info (10264): Verilog HDL Case Statement information at driver.sv(204): all case item expressions in this case statement are onehot File: I:/ECE554/Minilab3/Lab1-SPART/Lab1-SPART/driver.sv Line: 204
Warning (12241): 1 hierarchies have connectivity warnings - see the Connectivity Checks report folder
Warning (13034): The following nodes have both tri-state and non-tri-state drivers
    Warning (13035): Inserted always-enabled tri-state buffer between "GPIO[3]" and its non-tri-state driver. File: I:/ECE554/Minilab3/Lab1-SPART/Lab1-SPART/lab1_spart.v Line: 33
Warning (13039): The following bidirectional pins have no drivers
    Warning (13040): bidirectional pin "GPIO[5]" has no driver File: I:/ECE554/Minilab3/Lab1-SPART/Lab1-SPART/lab1_spart.v Line: 33
    Warning (13040): bidirectional pin "GPIO[0]" has no driver File: I:/ECE554/Minilab3/Lab1-SPART/Lab1-SPART/lab1_spart.v Line: 33
    Warning (13040): bidirectional pin "GPIO[1]" has no driver File: I:/ECE554/Minilab3/Lab1-SPART/Lab1-SPART/lab1_spart.v Line: 33
    Warning (13040): bidirectional pin "GPIO[2]" has no driver File: I:/ECE554/Minilab3/Lab1-SPART/Lab1-SPART/lab1_spart.v Line: 33
    Warning (13040): bidirectional pin "GPIO[4]" has no driver File: I:/ECE554/Minilab3/Lab1-SPART/Lab1-SPART/lab1_spart.v Line: 33
    Warning (13040): bidirectional pin "GPIO[6]" has no driver File: I:/ECE554/Minilab3/Lab1-SPART/Lab1-SPART/lab1_spart.v Line: 33
    Warning (13040): bidirectional pin "GPIO[7]" has no driver File: I:/ECE554/Minilab3/Lab1-SPART/Lab1-SPART/lab1_spart.v Line: 33
    Warning (13040): bidirectional pin "GPIO[8]" has no driver File: I:/ECE554/Minilab3/Lab1-SPART/Lab1-SPART/lab1_spart.v Line: 33
    Warning (13040): bidirectional pin "GPIO[9]" has no driver File: I:/ECE554/Minilab3/Lab1-SPART/Lab1-SPART/lab1_spart.v Line: 33
    Warning (13040): bidirectional pin "GPIO[10]" has no driver File: I:/ECE554/Minilab3/Lab1-SPART/Lab1-SPART/lab1_spart.v Line: 33
    Warning (13040): bidirectional pin "GPIO[11]" has no driver File: I:/ECE554/Minilab3/Lab1-SPART/Lab1-SPART/lab1_spart.v Line: 33
    Warning (13040): bidirectional pin "GPIO[12]" has no driver File: I:/ECE554/Minilab3/Lab1-SPART/Lab1-SPART/lab1_spart.v Line: 33
    Warning (13040): bidirectional pin "GPIO[13]" has no driver File: I:/ECE554/Minilab3/Lab1-SPART/Lab1-SPART/lab1_spart.v Line: 33
    Warning (13040): bidirectional pin "GPIO[14]" has no driver File: I:/ECE554/Minilab3/Lab1-SPART/Lab1-SPART/lab1_spart.v Line: 33
    Warning (13040): bidirectional pin "GPIO[15]" has no driver File: I:/ECE554/Minilab3/Lab1-SPART/Lab1-SPART/lab1_spart.v Line: 33
    Warning (13040): bidirectional pin "GPIO[16]" has no driver File: I:/ECE554/Minilab3/Lab1-SPART/Lab1-SPART/lab1_spart.v Line: 33
    Warning (13040): bidirectional pin "GPIO[17]" has no driver File: I:/ECE554/Minilab3/Lab1-SPART/Lab1-SPART/lab1_spart.v Line: 33
    Warning (13040): bidirectional pin "GPIO[18]" has no driver File: I:/ECE554/Minilab3/Lab1-SPART/Lab1-SPART/lab1_spart.v Line: 33
    Warning (13040): bidirectional pin "GPIO[19]" has no driver File: I:/ECE554/Minilab3/Lab1-SPART/Lab1-SPART/lab1_spart.v Line: 33
    Warning (13040): bidirectional pin "GPIO[20]" has no driver File: I:/ECE554/Minilab3/Lab1-SPART/Lab1-SPART/lab1_spart.v Line: 33
    Warning (13040): bidirectional pin "GPIO[21]" has no driver File: I:/ECE554/Minilab3/Lab1-SPART/Lab1-SPART/lab1_spart.v Line: 33
    Warning (13040): bidirectional pin "GPIO[22]" has no driver File: I:/ECE554/Minilab3/Lab1-SPART/Lab1-SPART/lab1_spart.v Line: 33
    Warning (13040): bidirectional pin "GPIO[23]" has no driver File: I:/ECE554/Minilab3/Lab1-SPART/Lab1-SPART/lab1_spart.v Line: 33
    Warning (13040): bidirectional pin "GPIO[24]" has no driver File: I:/ECE554/Minilab3/Lab1-SPART/Lab1-SPART/lab1_spart.v Line: 33
    Warning (13040): bidirectional pin "GPIO[25]" has no driver File: I:/ECE554/Minilab3/Lab1-SPART/Lab1-SPART/lab1_spart.v Line: 33
    Warning (13040): bidirectional pin "GPIO[26]" has no driver File: I:/ECE554/Minilab3/Lab1-SPART/Lab1-SPART/lab1_spart.v Line: 33
    Warning (13040): bidirectional pin "GPIO[27]" has no driver File: I:/ECE554/Minilab3/Lab1-SPART/Lab1-SPART/lab1_spart.v Line: 33
    Warning (13040): bidirectional pin "GPIO[28]" has no driver File: I:/ECE554/Minilab3/Lab1-SPART/Lab1-SPART/lab1_spart.v Line: 33
    Warning (13040): bidirectional pin "GPIO[29]" has no driver File: I:/ECE554/Minilab3/Lab1-SPART/Lab1-SPART/lab1_spart.v Line: 33
    Warning (13040): bidirectional pin "GPIO[30]" has no driver File: I:/ECE554/Minilab3/Lab1-SPART/Lab1-SPART/lab1_spart.v Line: 33
    Warning (13040): bidirectional pin "GPIO[31]" has no driver File: I:/ECE554/Minilab3/Lab1-SPART/Lab1-SPART/lab1_spart.v Line: 33
    Warning (13040): bidirectional pin "GPIO[32]" has no driver File: I:/ECE554/Minilab3/Lab1-SPART/Lab1-SPART/lab1_spart.v Line: 33
    Warning (13040): bidirectional pin "GPIO[33]" has no driver File: I:/ECE554/Minilab3/Lab1-SPART/Lab1-SPART/lab1_spart.v Line: 33
    Warning (13040): bidirectional pin "GPIO[34]" has no driver File: I:/ECE554/Minilab3/Lab1-SPART/Lab1-SPART/lab1_spart.v Line: 33
    Warning (13040): bidirectional pin "GPIO[35]" has no driver File: I:/ECE554/Minilab3/Lab1-SPART/Lab1-SPART/lab1_spart.v Line: 33
Warning (13009): TRI or OPNDRN buffers permanently enabled
    Warning (13010): Node "GPIO[3]~synth" File: I:/ECE554/Minilab3/Lab1-SPART/Lab1-SPART/lab1_spart.v Line: 33
Warning (13024): Output pins are stuck at VCC or GND
    Warning (13410): Pin "HEX0[0]" is stuck at GND File: I:/ECE554/Minilab3/Lab1-SPART/Lab1-SPART/lab1_spart.v Line: 15
    Warning (13410): Pin "HEX0[1]" is stuck at GND File: I:/ECE554/Minilab3/Lab1-SPART/Lab1-SPART/lab1_spart.v Line: 15
    Warning (13410): Pin "HEX0[2]" is stuck at GND File: I:/ECE554/Minilab3/Lab1-SPART/Lab1-SPART/lab1_spart.v Line: 15
    Warning (13410): Pin "HEX0[3]" is stuck at GND File: I:/ECE554/Minilab3/Lab1-SPART/Lab1-SPART/lab1_spart.v Line: 15
    Warning (13410): Pin "HEX0[4]" is stuck at GND File: I:/ECE554/Minilab3/Lab1-SPART/Lab1-SPART/lab1_spart.v Line: 15
    Warning (13410): Pin "HEX0[5]" is stuck at GND File: I:/ECE554/Minilab3/Lab1-SPART/Lab1-SPART/lab1_spart.v Line: 15
    Warning (13410): Pin "HEX0[6]" is stuck at VCC File: I:/ECE554/Minilab3/Lab1-SPART/Lab1-SPART/lab1_spart.v Line: 15
    Warning (13410): Pin "HEX1[0]" is stuck at GND File: I:/ECE554/Minilab3/Lab1-SPART/Lab1-SPART/lab1_spart.v Line: 16
    Warning (13410): Pin "HEX1[1]" is stuck at GND File: I:/ECE554/Minilab3/Lab1-SPART/Lab1-SPART/lab1_spart.v Line: 16
    Warning (13410): Pin "HEX1[2]" is stuck at GND File: I:/ECE554/Minilab3/Lab1-SPART/Lab1-SPART/lab1_spart.v Line: 16
    Warning (13410): Pin "HEX1[3]" is stuck at GND File: I:/ECE554/Minilab3/Lab1-SPART/Lab1-SPART/lab1_spart.v Line: 16
    Warning (13410): Pin "HEX1[4]" is stuck at GND File: I:/ECE554/Minilab3/Lab1-SPART/Lab1-SPART/lab1_spart.v Line: 16
    Warning (13410): Pin "HEX1[5]" is stuck at GND File: I:/ECE554/Minilab3/Lab1-SPART/Lab1-SPART/lab1_spart.v Line: 16
    Warning (13410): Pin "HEX1[6]" is stuck at VCC File: I:/ECE554/Minilab3/Lab1-SPART/Lab1-SPART/lab1_spart.v Line: 16
    Warning (13410): Pin "HEX2[6]" is stuck at GND File: I:/ECE554/Minilab3/Lab1-SPART/Lab1-SPART/lab1_spart.v Line: 17
    Warning (13410): Pin "HEX3[1]" is stuck at GND File: I:/ECE554/Minilab3/Lab1-SPART/Lab1-SPART/lab1_spart.v Line: 18
    Warning (13410): Pin "HEX3[2]" is stuck at GND File: I:/ECE554/Minilab3/Lab1-SPART/Lab1-SPART/lab1_spart.v Line: 18
    Warning (13410): Pin "HEX3[5]" is stuck at GND File: I:/ECE554/Minilab3/Lab1-SPART/Lab1-SPART/lab1_spart.v Line: 18
    Warning (13410): Pin "HEX3[6]" is stuck at GND File: I:/ECE554/Minilab3/Lab1-SPART/Lab1-SPART/lab1_spart.v Line: 18
    Warning (13410): Pin "HEX4[4]" is stuck at VCC File: I:/ECE554/Minilab3/Lab1-SPART/Lab1-SPART/lab1_spart.v Line: 19
    Warning (13410): Pin "HEX4[5]" is stuck at VCC File: I:/ECE554/Minilab3/Lab1-SPART/Lab1-SPART/lab1_spart.v Line: 19
    Warning (13410): Pin "HEX5[0]" is stuck at VCC File: I:/ECE554/Minilab3/Lab1-SPART/Lab1-SPART/lab1_spart.v Line: 20
    Warning (13410): Pin "HEX5[1]" is stuck at VCC File: I:/ECE554/Minilab3/Lab1-SPART/Lab1-SPART/lab1_spart.v Line: 20
    Warning (13410): Pin "HEX5[2]" is stuck at VCC File: I:/ECE554/Minilab3/Lab1-SPART/Lab1-SPART/lab1_spart.v Line: 20
    Warning (13410): Pin "HEX5[3]" is stuck at VCC File: I:/ECE554/Minilab3/Lab1-SPART/Lab1-SPART/lab1_spart.v Line: 20
    Warning (13410): Pin "HEX5[4]" is stuck at VCC File: I:/ECE554/Minilab3/Lab1-SPART/Lab1-SPART/lab1_spart.v Line: 20
    Warning (13410): Pin "HEX5[5]" is stuck at VCC File: I:/ECE554/Minilab3/Lab1-SPART/Lab1-SPART/lab1_spart.v Line: 20
    Warning (13410): Pin "HEX5[6]" is stuck at VCC File: I:/ECE554/Minilab3/Lab1-SPART/Lab1-SPART/lab1_spart.v Line: 20
    Warning (13410): Pin "LEDR[1]" is stuck at GND File: I:/ECE554/Minilab3/Lab1-SPART/Lab1-SPART/lab1_spart.v Line: 26
    Warning (13410): Pin "LEDR[2]" is stuck at GND File: I:/ECE554/Minilab3/Lab1-SPART/Lab1-SPART/lab1_spart.v Line: 26
    Warning (13410): Pin "LEDR[3]" is stuck at GND File: I:/ECE554/Minilab3/Lab1-SPART/Lab1-SPART/lab1_spart.v Line: 26
    Warning (13410): Pin "LEDR[4]" is stuck at GND File: I:/ECE554/Minilab3/Lab1-SPART/Lab1-SPART/lab1_spart.v Line: 26
    Warning (13410): Pin "LEDR[5]" is stuck at GND File: I:/ECE554/Minilab3/Lab1-SPART/Lab1-SPART/lab1_spart.v Line: 26
    Warning (13410): Pin "LEDR[6]" is stuck at GND File: I:/ECE554/Minilab3/Lab1-SPART/Lab1-SPART/lab1_spart.v Line: 26
    Warning (13410): Pin "LEDR[7]" is stuck at GND File: I:/ECE554/Minilab3/Lab1-SPART/Lab1-SPART/lab1_spart.v Line: 26
Info (286030): Timing-Driven Synthesis is running
Warning (14632): Output pin "LEDR[9]" driven by bidirectional pin "GPIO[5]" cannot be tri-stated File: I:/ECE554/Minilab3/Lab1-SPART/Lab1-SPART/lab1_spart.v Line: 26
Info (17049): 40 registers lost all their fanouts during netlist optimizations.
Info (16010): Generating hard_block partition "hard_block:auto_generated_inst"
    Info (16011): Adding 0 node(s), including 0 DDIO, 0 PLL, 0 transceiver and 0 LCELL
Warning (21074): Design contains 14 input pin(s) that do not drive logic
    Warning (15610): No output dependent on input pin "CLOCK2_50" File: I:/ECE554/Minilab3/Lab1-SPART/Lab1-SPART/lab1_spart.v Line: 10
    Warning (15610): No output dependent on input pin "CLOCK3_50" File: I:/ECE554/Minilab3/Lab1-SPART/Lab1-SPART/lab1_spart.v Line: 11
    Warning (15610): No output dependent on input pin "CLOCK4_50" File: I:/ECE554/Minilab3/Lab1-SPART/Lab1-SPART/lab1_spart.v Line: 12
    Warning (15610): No output dependent on input pin "KEY[1]" File: I:/ECE554/Minilab3/Lab1-SPART/Lab1-SPART/lab1_spart.v Line: 23
    Warning (15610): No output dependent on input pin "KEY[2]" File: I:/ECE554/Minilab3/Lab1-SPART/Lab1-SPART/lab1_spart.v Line: 23
    Warning (15610): No output dependent on input pin "KEY[3]" File: I:/ECE554/Minilab3/Lab1-SPART/Lab1-SPART/lab1_spart.v Line: 23
    Warning (15610): No output dependent on input pin "SW[0]" File: I:/ECE554/Minilab3/Lab1-SPART/Lab1-SPART/lab1_spart.v Line: 29
    Warning (15610): No output dependent on input pin "SW[1]" File: I:/ECE554/Minilab3/Lab1-SPART/Lab1-SPART/lab1_spart.v Line: 29
    Warning (15610): No output dependent on input pin "SW[2]" File: I:/ECE554/Minilab3/Lab1-SPART/Lab1-SPART/lab1_spart.v Line: 29
    Warning (15610): No output dependent on input pin "SW[3]" File: I:/ECE554/Minilab3/Lab1-SPART/Lab1-SPART/lab1_spart.v Line: 29
    Warning (15610): No output dependent on input pin "SW[4]" File: I:/ECE554/Minilab3/Lab1-SPART/Lab1-SPART/lab1_spart.v Line: 29
    Warning (15610): No output dependent on input pin "SW[5]" File: I:/ECE554/Minilab3/Lab1-SPART/Lab1-SPART/lab1_spart.v Line: 29
    Warning (15610): No output dependent on input pin "SW[6]" File: I:/ECE554/Minilab3/Lab1-SPART/Lab1-SPART/lab1_spart.v Line: 29
    Warning (15610): No output dependent on input pin "SW[7]" File: I:/ECE554/Minilab3/Lab1-SPART/Lab1-SPART/lab1_spart.v Line: 29
Info (21057): Implemented 149 device resources after synthesis - the final resource count might be different
    Info (21058): Implemented 18 input pins
    Info (21059): Implemented 52 output pins
    Info (21060): Implemented 36 bidirectional pins
    Info (21061): Implemented 43 logic cells
Info: Quartus Prime Analysis & Synthesis was successful. 0 errors, 104 warnings
    Info: Peak virtual memory: 4874 megabytes
    Info: Processing ended: Tue Feb 18 17:09:41 2025
    Info: Elapsed time: 00:00:14
    Info: Total CPU time (on all processors): 00:00:14


